<?xml version="1.0" encoding="UTF-8"?>
<!-- Generated by org.testng.reporters.JUnitReportReporter -->
<testsuite skipped="0" hostname="LAPTOP-FMGTI7FP" name="TestClasses.LoginTest" tests="1" failures="0" timestamp="2023-07-07T12:03:10 IST" time="20.969" errors="0">
  <testcase name="A_clickonlogin" time="20.969" classname="TestClasses.LoginTest"/>
  <system-out/>
</testsuite> <!-- TestClasses.LoginTest -->
