<?xml version="1.0" encoding="UTF-8"?>
<!-- Generated by org.testng.reporters.JUnitReportReporter -->
<testsuite skipped="0" hostname="LAPTOP-FMGTI7FP" name="HomepageTestclass1" tests="1" failures="0" timestamp="2023-06-15T20:35:06 IST" time="6.193" errors="0">
  <testcase name="click" time="6.193" classname="HomepageTestclass1"/>
  <system-out/>
</testsuite> <!-- HomepageTestclass1 -->
