<?xml version="1.0" encoding="UTF-8"?>
<!-- Generated by org.testng.reporters.JUnitReportReporter -->
<testsuite skipped="0" hostname="LAPTOP-FMGTI7FP" name="TestClasses.Eventpage" tests="1" failures="0" timestamp="2023-07-04T11:10:28 IST" time="24.396" errors="0">
  <testcase name="searchevent" time="24.396" classname="TestClasses.Eventpage"/>
  <system-out/>
</testsuite> <!-- TestClasses.Eventpage -->
