<?xml version="1.0" encoding="UTF-8"?>
<!-- Generated by org.testng.reporters.JUnitReportReporter -->
<testsuite skipped="0" hostname="LAPTOP-FMGTI7FP" name="TestClasses.LoginTest" tests="1" failures="0" timestamp="2023-07-04T19:49:46 IST" time="32.602" errors="0">
  <testcase name="A_clickonlogin" time="32.602" classname="TestClasses.LoginTest"/>
  <system-out/>
</testsuite> <!-- TestClasses.LoginTest -->
