<?xml version="1.0" encoding="UTF-8"?>
<!-- Generated by org.testng.reporters.JUnitReportReporter -->
<testsuite skipped="0" hostname="LAPTOP-FMGTI7FP" name="TestClasses.Gallary_page_Testclass" tests="1" failures="0" timestamp="2023-06-30T15:11:54 IST" time="5.623" errors="0">
  <testcase name="open_Gallaries" time="5.623" classname="TestClasses.Gallary_page_Testclass"/>
  <system-out/>
</testsuite> <!-- TestClasses.Gallary_page_Testclass -->
